{"/Users/benjiox/Remote documents/Work documents/Efreitech (teacher)/TDD (1st year students)/04 - Hamming/hamming.js": {"path":"/Users/benjiox/Remote documents/Work documents/Efreitech (teacher)/TDD (1st year students)/04 - Hamming/hamming.js","statementMap":{"0":{"start":{"line":2,"column":2},"end":{"line":4,"column":3}},"1":{"start":{"line":3,"column":4},"end":{"line":3,"column":52}},"2":{"start":{"line":6,"column":17},"end":{"line":6,"column":18}},"3":{"start":{"line":8,"column":2},"end":{"line":16,"column":3}},"4":{"start":{"line":9,"column":4},"end":{"line":15,"column":5}},"5":{"start":{"line":10,"column":6},"end":{"line":12,"column":7}},"6":{"start":{"line":11,"column":8},"end":{"line":11,"column":32}},"7":{"start":{"line":14,"column":6},"end":{"line":14,"column":56}},"8":{"start":{"line":18,"column":2},"end":{"line":18,"column":18}},"9":{"start":{"line":22,"column":2},"end":{"line":22,"column":77}}},"fnMap":{"0":{"name":"hamming","decl":{"start":{"line":1,"column":16},"end":{"line":1,"column":23}},"loc":{"start":{"line":1,"column":46},"end":{"line":19,"column":1}},"line":1},"1":{"name":"isValidLetter","decl":{"start":{"line":21,"column":9},"end":{"line":21,"column":22}},"loc":{"start":{"line":21,"column":31},"end":{"line":23,"column":1}},"line":21}},"branchMap":{"0":{"loc":{"start":{"line":2,"column":2},"end":{"line":4,"column":3}},"type":"if","locations":[{"start":{"line":2,"column":2},"end":{"line":4,"column":3}},{"start":{"line":2,"column":2},"end":{"line":4,"column":3}}],"line":2},"1":{"loc":{"start":{"line":9,"column":4},"end":{"line":15,"column":5}},"type":"if","locations":[{"start":{"line":9,"column":4},"end":{"line":15,"column":5}},{"start":{"line":9,"column":4},"end":{"line":15,"column":5}}],"line":9},"2":{"loc":{"start":{"line":9,"column":8},"end":{"line":9,"column":66}},"type":"binary-expr","locations":[{"start":{"line":9,"column":8},"end":{"line":9,"column":35}},{"start":{"line":9,"column":39},"end":{"line":9,"column":66}}],"line":9},"3":{"loc":{"start":{"line":10,"column":6},"end":{"line":12,"column":7}},"type":"if","locations":[{"start":{"line":10,"column":6},"end":{"line":12,"column":7}},{"start":{"line":10,"column":6},"end":{"line":12,"column":7}}],"line":10},"4":{"loc":{"start":{"line":22,"column":9},"end":{"line":22,"column":77}},"type":"binary-expr","locations":[{"start":{"line":22,"column":9},"end":{"line":22,"column":23}},{"start":{"line":22,"column":27},"end":{"line":22,"column":41}},{"start":{"line":22,"column":45},"end":{"line":22,"column":59}},{"start":{"line":22,"column":63},"end":{"line":22,"column":77}}],"line":22}},"s":{"0":18,"1":2,"2":16,"3":16,"4":61,"5":58,"6":24,"7":3,"8":13,"9":119},"f":{"0":18,"1":119},"b":{"0":[2,16],"1":[58,3],"2":[61,58],"3":[24,34],"4":[119,70,52,37]},"_coverageSchema":"332fd63041d2c1bcb487cc26dd0d5f7d97098a6c","hash":"8cfd1ebf5a11283aca58874aafc32c1242186cf7"}
}
