TN:
SF:/Users/benjiox/Remote documents/Work documents/Efreitech (teacher)/TDD (1st year students)/04 - Hamming/hamming.js
FN:1,hamming
FN:21,isValidLetter
FNF:2
FNH:2
FNDA:18,hamming
FNDA:119,isValidLetter
DA:2,18
DA:3,2
DA:6,16
DA:8,16
DA:9,61
DA:10,58
DA:11,24
DA:14,3
DA:18,13
DA:22,119
LF:10
LH:10
BRDA:2,0,0,2
BRDA:2,0,1,16
BRDA:9,1,0,58
BRDA:9,1,1,3
BRDA:9,2,0,61
BRDA:9,2,1,58
BRDA:10,3,0,24
BRDA:10,3,1,34
BRDA:22,4,0,119
BRDA:22,4,1,70
BRDA:22,4,2,52
BRDA:22,4,3,37
BRF:12
BRH:12
end_of_record
